
9월 02, 2020 12:40:51.17 NEW SESSION
9월 02, 2020 12:40:51.17 [15192:1544:0902/124051.135:ERROR:gcm_store_impl.cc(638)] LevelDB remove failed: NotFound: 
9월 02, 2020 12:40:51.17 [15192:11220:0902/124051.135:ERROR:mcs_client.cc(526)] GCM Update failed!

9월 02, 2020 20:16:48.11 NEW SESSION
9월 02, 2020 20:16:48.11 [6620:11148:0902/201648.108:ERROR:connection_factory_impl.cc(428)] Failed to connect to MCS endpoint with error -106
9월 02, 2020 20:17:09.64 [6620:11148:0902/201709.641:ERROR:connection_factory_impl.cc(428)] Failed to connect to MCS endpoint with error -106
9월 02, 2020 20:18:05.24 [6620:11148:0902/201805.249:ERROR:connection_factory_impl.cc(428)] Failed to connect to MCS endpoint with error -106
9월 02, 2020 20:19:51.23 [6620:11148:0902/201951.236:ERROR:connection_factory_impl.cc(428)] Failed to connect to MCS endpoint with error -106
9월 02, 2020 20:23:20.74 [6620:11148:0902/202320.748:ERROR:connection_factory_impl.cc(428)] Failed to connect to MCS endpoint with error -106
9월 02, 2020 20:26:41.05 [5948:8036:0902/202641.051:ERROR:connection_factory_impl.cc(428)] Failed to connect to MCS endpoint with error -106
9월 02, 2020 20:27:10.94 [5948:8036:0902/202710.942:ERROR:connection_factory_impl.cc(428)] Failed to connect to MCS endpoint with error -106
9월 02, 2020 20:28:06.34 [5948:8036:0902/202806.347:ERROR:connection_factory_impl.cc(428)] Failed to connect to MCS endpoint with error -106
9월 02, 2020 20:29:39.67 [4200:8884:0902/202939.672:ERROR:connection_factory_impl.cc(428)] Failed to connect to MCS endpoint with error -106
9월 02, 2020 20:33:42.97 [3864:3720:0902/203342.978:ERROR:connection_factory_impl.cc(428)] Failed to connect to MCS endpoint with error -106
9월 02, 2020 20:34:55.36 [12240:4696:0902/203455.360:ERROR:connection_factory_impl.cc(428)] Failed to connect to MCS endpoint with error -106
9월 02, 2020 20:35:20.36 [12240:4696:0902/203520.360:ERROR:connection_factory_impl.cc(428)] Failed to connect to MCS endpoint with error -106
9월 02, 2020 20:37:30.97 [6740:2496:0902/203730.976:ERROR:connection_factory_impl.cc(428)] Failed to connect to MCS endpoint with error -106
9월 02, 2020 20:39:48.88 [11008:5548:0902/203948.882:ERROR:connection_factory_impl.cc(428)] Failed to connect to MCS endpoint with error -106

9월 07, 2020 16:36:57.63 NEW SESSION
9월 07, 2020 16:36:57.63 [12424:14444:0907/163657.338:ERROR:page_load_metrics_update_dispatcher.cc(165)] Invalid first_paint 0.293 s for first_image_paint 0.278 s
9월 07, 2020 16:36:58.36 [12424:14444:0907/163658.367:ERROR:page_load_metrics_update_dispatcher.cc(165)] Invalid first_paint 0.293 s for first_image_paint 0.278 s
9월 07, 2020 16:36:59.61 [12424:14444:0907/163659.614:ERROR:page_load_metrics_update_dispatcher.cc(165)] Invalid first_paint 0.293 s for first_image_paint 0.278 s
9월 07, 2020 16:37:00.42 [12424:14444:0907/163700.425:ERROR:page_load_metrics_update_dispatcher.cc(165)] Invalid first_paint 0.293 s for first_image_paint 0.278 s

9월 08, 2020 18:26:34.16 NEW SESSION
9월 08, 2020 18:26:34.16 [1852:2240:0908/182634.077:ERROR:get_updates_processor.cc(258)] PostClientToServerMessage() failed during GetUpdates with error 2

9월 09, 2020 10:57:47.45 NEW SESSION
9월 09, 2020 10:57:47.45 [10372:9052:0909/105747.418:ERROR:CONSOLE(1)] "Refused to execute inline event handler because it violates the following Content Security Policy directive: "script-src 'strict-dynamic' 'sha256-1+GSDjMMklBjZY0QiWq+tGupCvajw4Xbn46ect2mZgM=' 'sha256-2mX1M62Fd0u8q0dQY2mRsK5S1NS9jJuQAvyE8tD0dkQ=' 'sha256-EtIKSV82ixJHE3AzqhoiVbUGKG+Kd8XS0fFToow29o0=' 'sha256-QSyFltV9X3gkyBrg+SMfKvZNXmqPQc6K4B6OYhTuXmw=' 'sha256-ANdtIo91Yk/zh1YKZ+IXKP1pb00awOjEFMAUld02F6A=' 'sha256-CbH+xPsBKQxVw5d9blISLDeuMSe1M+dJ4xfArFynIfw=' 'sha256-lA+EURA/fC0TZq1ATYZvxIQHBc9iTAaBcI+dFMmTn9I=' 'sha256-9RWB/dt3JdkMkmFWT1x7Bd4Mnpgba4OJivFHXr0K47I='". Either the 'unsafe-inline' keyword, a hash ('sha256-...'), or a nonce ('nonce-...') is required to enable inline execution.
9월 09, 2020 10:57:47.45 ", source: chrome-search://local-ntp/local-ntp.html (1)
9월 09, 2020 11:04:02.55 [1424:8364:0909/110402.558:ERROR:CONSOLE(1)] "Refused to execute inline event handler because it violates the following Content Security Policy directive: "script-src 'strict-dynamic' 'sha256-1+GSDjMMklBjZY0QiWq+tGupCvajw4Xbn46ect2mZgM=' 'sha256-2mX1M62Fd0u8q0dQY2mRsK5S1NS9jJuQAvyE8tD0dkQ=' 'sha256-EtIKSV82ixJHE3AzqhoiVbUGKG+Kd8XS0fFToow29o0=' 'sha256-QSyFltV9X3gkyBrg+SMfKvZNXmqPQc6K4B6OYhTuXmw=' 'sha256-ANdtIo91Yk/zh1YKZ+IXKP1pb00awOjEFMAUld02F6A=' 'sha256-CbH+xPsBKQxVw5d9blISLDeuMSe1M+dJ4xfArFynIfw=' 'sha256-lA+EURA/fC0TZq1ATYZvxIQHBc9iTAaBcI+dFMmTn9I=' 'sha256-9RWB/dt3JdkMkmFWT1x7Bd4Mnpgba4OJivFHXr0K47I='". Either the 'unsafe-inline' keyword, a hash ('sha256-...'), or a nonce ('nonce-...') is required to enable inline execution.
9월 09, 2020 11:04:02.55 ", source: chrome-search://local-ntp/local-ntp.html (1)
9월 09, 2020 11:18:28.60 [12956:9988:0909/111828.600:ERROR:CONSOLE(1)] "Refused to execute inline event handler because it violates the following Content Security Policy directive: "script-src 'strict-dynamic' 'sha256-1+GSDjMMklBjZY0QiWq+tGupCvajw4Xbn46ect2mZgM=' 'sha256-2mX1M62Fd0u8q0dQY2mRsK5S1NS9jJuQAvyE8tD0dkQ=' 'sha256-EtIKSV82ixJHE3AzqhoiVbUGKG+Kd8XS0fFToow29o0=' 'sha256-QSyFltV9X3gkyBrg+SMfKvZNXmqPQc6K4B6OYhTuXmw=' 'sha256-ANdtIo91Yk/zh1YKZ+IXKP1pb00awOjEFMAUld02F6A=' 'sha256-CbH+xPsBKQxVw5d9blISLDeuMSe1M+dJ4xfArFynIfw=' 'sha256-lA+EURA/fC0TZq1ATYZvxIQHBc9iTAaBcI+dFMmTn9I=' 'sha256-9RWB/dt3JdkMkmFWT1x7Bd4Mnpgba4OJivFHXr0K47I='". Either the 'unsafe-inline' keyword, a hash ('sha256-...'), or a nonce ('nonce-...') is required to enable inline execution.
9월 09, 2020 11:18:28.60 ", source: chrome-search://local-ntp/local-ntp.html (1)
9월 09, 2020 13:20:03.82 [1716:7416:0909/132003.825:ERROR:CONSOLE(1)] "Refused to execute inline event handler because it violates the following Content Security Policy directive: "script-src 'strict-dynamic' 'sha256-1+GSDjMMklBjZY0QiWq+tGupCvajw4Xbn46ect2mZgM=' 'sha256-2mX1M62Fd0u8q0dQY2mRsK5S1NS9jJuQAvyE8tD0dkQ=' 'sha256-EtIKSV82ixJHE3AzqhoiVbUGKG+Kd8XS0fFToow29o0=' 'sha256-QSyFltV9X3gkyBrg+SMfKvZNXmqPQc6K4B6OYhTuXmw=' 'sha256-ANdtIo91Yk/zh1YKZ+IXKP1pb00awOjEFMAUld02F6A=' 'sha256-CbH+xPsBKQxVw5d9blISLDeuMSe1M+dJ4xfArFynIfw=' 'sha256-lA+EURA/fC0TZq1ATYZvxIQHBc9iTAaBcI+dFMmTn9I=' 'sha256-9RWB/dt3JdkMkmFWT1x7Bd4Mnpgba4OJivFHXr0K47I='". Either the 'unsafe-inline' keyword, a hash ('sha256-...'), or a nonce ('nonce-...') is required to enable inline execution.
9월 09, 2020 13:20:03.82 ", source: chrome-search://local-ntp/local-ntp.html (1)
9월 09, 2020 13:20:04.48 [1716:7416:0909/132004.481:ERROR:CONSOLE(0)] "Access to XMLHttpRequest at 'https://play.google.com/log?format=json&hasfast=true&authuser=0' from origin 'chrome-search://local-ntp' has been blocked by CORS policy: Response to preflight request doesn't pass access control check: No 'Access-Control-Allow-Origin' header is present on the requested resource.", source: chrome-search://local-ntp/local-ntp.html (0)
9월 09, 2020 13:20:07.01 [1716:7416:0909/132007.012:ERROR:CONSOLE(0)] "Access to XMLHttpRequest at 'https://play.google.com/log?format=json&hasfast=true&authuser=0' from origin 'chrome-search://local-ntp' has been blocked by CORS policy: Response to preflight request doesn't pass access control check: No 'Access-Control-Allow-Origin' header is present on the requested resource.", source: chrome-search://local-ntp/local-ntp.html (0)
9월 09, 2020 13:27:32.95 [1716:7416:0909/132732.958:ERROR:CONSOLE(1)] "Refused to execute inline event handler because it violates the following Content Security Policy directive: "script-src 'strict-dynamic' 'sha256-1+GSDjMMklBjZY0QiWq+tGupCvajw4Xbn46ect2mZgM=' 'sha256-2mX1M62Fd0u8q0dQY2mRsK5S1NS9jJuQAvyE8tD0dkQ=' 'sha256-EtIKSV82ixJHE3AzqhoiVbUGKG+Kd8XS0fFToow29o0=' 'sha256-QSyFltV9X3gkyBrg+SMfKvZNXmqPQc6K4B6OYhTuXmw=' 'sha256-ANdtIo91Yk/zh1YKZ+IXKP1pb00awOjEFMAUld02F6A=' 'sha256-CbH+xPsBKQxVw5d9blISLDeuMSe1M+dJ4xfArFynIfw=' 'sha256-lA+EURA/fC0TZq1ATYZvxIQHBc9iTAaBcI+dFMmTn9I=' 'sha256-9RWB/dt3JdkMkmFWT1x7Bd4Mnpgba4OJivFHXr0K47I='". Either the 'unsafe-inline' keyword, a hash ('sha256-...'), or a nonce ('nonce-...') is required to enable inline execution.
9월 09, 2020 13:27:32.95 ", source: chrome-search://local-ntp/local-ntp.html (1)
9월 09, 2020 14:57:56.31 [2944:17132:0909/145756.314:ERROR:CONSOLE(1)] "Refused to execute inline event handler because it violates the following Content Security Policy directive: "script-src 'strict-dynamic' 'sha256-1+GSDjMMklBjZY0QiWq+tGupCvajw4Xbn46ect2mZgM=' 'sha256-2mX1M62Fd0u8q0dQY2mRsK5S1NS9jJuQAvyE8tD0dkQ=' 'sha256-EtIKSV82ixJHE3AzqhoiVbUGKG+Kd8XS0fFToow29o0=' 'sha256-QSyFltV9X3gkyBrg+SMfKvZNXmqPQc6K4B6OYhTuXmw=' 'sha256-ANdtIo91Yk/zh1YKZ+IXKP1pb00awOjEFMAUld02F6A=' 'sha256-CbH+xPsBKQxVw5d9blISLDeuMSe1M+dJ4xfArFynIfw=' 'sha256-lA+EURA/fC0TZq1ATYZvxIQHBc9iTAaBcI+dFMmTn9I=' 'sha256-9RWB/dt3JdkMkmFWT1x7Bd4Mnpgba4OJivFHXr0K47I='". Either the 'unsafe-inline' keyword, a hash ('sha256-...'), or a nonce ('nonce-...') is required to enable inline execution.
9월 09, 2020 14:57:56.31 ", source: chrome-search://local-ntp/local-ntp.html (1)
9월 09, 2020 15:02:44.03 [10344:8324:0909/150244.029:ERROR:CONSOLE(1)] "Refused to execute inline event handler because it violates the following Content Security Policy directive: "script-src 'strict-dynamic' 'sha256-1+GSDjMMklBjZY0QiWq+tGupCvajw4Xbn46ect2mZgM=' 'sha256-2mX1M62Fd0u8q0dQY2mRsK5S1NS9jJuQAvyE8tD0dkQ=' 'sha256-EtIKSV82ixJHE3AzqhoiVbUGKG+Kd8XS0fFToow29o0=' 'sha256-QSyFltV9X3gkyBrg+SMfKvZNXmqPQc6K4B6OYhTuXmw=' 'sha256-ANdtIo91Yk/zh1YKZ+IXKP1pb00awOjEFMAUld02F6A=' 'sha256-CbH+xPsBKQxVw5d9blISLDeuMSe1M+dJ4xfArFynIfw=' 'sha256-lA+EURA/fC0TZq1ATYZvxIQHBc9iTAaBcI+dFMmTn9I=' 'sha256-9RWB/dt3JdkMkmFWT1x7Bd4Mnpgba4OJivFHXr0K47I='". Either the 'unsafe-inline' keyword, a hash ('sha256-...'), or a nonce ('nonce-...') is required to enable inline execution.
9월 09, 2020 15:02:44.03 ", source: chrome-search://local-ntp/local-ntp.html (1)
9월 09, 2020 17:44:30.99 [2264:9184:0909/174430.993:ERROR:CONSOLE(1)] "Refused to execute inline event handler because it violates the following Content Security Policy directive: "script-src 'strict-dynamic' 'sha256-1+GSDjMMklBjZY0QiWq+tGupCvajw4Xbn46ect2mZgM=' 'sha256-2mX1M62Fd0u8q0dQY2mRsK5S1NS9jJuQAvyE8tD0dkQ=' 'sha256-EtIKSV82ixJHE3AzqhoiVbUGKG+Kd8XS0fFToow29o0=' 'sha256-QSyFltV9X3gkyBrg+SMfKvZNXmqPQc6K4B6OYhTuXmw=' 'sha256-ANdtIo91Yk/zh1YKZ+IXKP1pb00awOjEFMAUld02F6A=' 'sha256-CbH+xPsBKQxVw5d9blISLDeuMSe1M+dJ4xfArFynIfw=' 'sha256-lA+EURA/fC0TZq1ATYZvxIQHBc9iTAaBcI+dFMmTn9I=' 'sha256-9RWB/dt3JdkMkmFWT1x7Bd4Mnpgba4OJivFHXr0K47I='". Either the 'unsafe-inline' keyword, a hash ('sha256-...'), or a nonce ('nonce-...') is required to enable inline execution.
9월 09, 2020 17:44:30.99 ", source: chrome-search://local-ntp/local-ntp.html (1)

9월 14, 2020 06:10:02.07 NEW SESSION
9월 14, 2020 06:10:02.07 [12924:1920:0914/061001.996:ERROR:connection_factory_impl.cc(428)] Failed to connect to MCS endpoint with error -106
9월 14, 2020 06:10:24.82 [12924:1920:0914/061024.828:ERROR:connection_factory_impl.cc(428)] Failed to connect to MCS endpoint with error -106
9월 14, 2020 06:11:14.13 [12924:1920:0914/061114.132:ERROR:connection_factory_impl.cc(428)] Failed to connect to MCS endpoint with error -106
9월 14, 2020 06:12:42.95 [12924:1920:0914/061242.956:ERROR:connection_factory_impl.cc(428)] Failed to connect to MCS endpoint with error -106

9월 16, 2020 02:43:08.54 NEW SESSION
9월 16, 2020 02:43:08.54 [19104:6576:0916/024308.501:ERROR:connection_factory_impl.cc(428)] Failed to connect to MCS endpoint with error -106
9월 16, 2020 02:43:33.99 [19104:6576:0916/024333.996:ERROR:connection_factory_impl.cc(428)] Failed to connect to MCS endpoint with error -106
9월 16, 2020 02:45:16.38 [19104:9380:0916/024516.387:ERROR:get_updates_processor.cc(258)] PostClientToServerMessage() failed during GetUpdates with error 2

9월 17, 2020 15:14:42.62 NEW SESSION
9월 17, 2020 15:14:42.62 [2928:13028:0917/151442.592:ERROR:CONSOLE(135)] "URIError: URI malformed URIError: URI malformed
9월 17, 2020 15:14:42.63     at decodeURI (<anonymous>)
9월 17, 2020 15:14:42.63     at Automapping._createBinding (devtools://devtools/bundled/persistence/persistence.js:301:29)
9월 17, 2020 15:14:42.63     at Automapping._computeNetworkStatus (devtools://devtools/bundled/persistence/persistence.js:278:33)
9월 17, 2020 15:14:42.63     at Automapping._onUISourceCodeAdded (devtools://devtools/bundled/persistence/persistence.js:270:198)
9월 17, 2020 15:14:42.63     at devtools://devtools/bundled/persistence/persistence.js:254:982
9월 17, 2020 15:14:42.63     at WorkspaceImpl.dispatchEventToListeners (devtools://devtools/bundled/common/common.js:133:177)
9월 17, 2020 15:14:42.63     at ContentProviderBasedProject.addUISourceCode (devtools://devtools/bundled/workspace/workspace.js:44:157)
9월 17, 2020 15:14:42.63     at ContentProviderBasedProject.addUISourceCodeWithProvider (devtools://devtools/bundled/bindings/bindings.js:25:207)
9월 17, 2020 15:14:42.63     at new Binding$1 (devtools://devtools/bundled/bindings/bindings.js:384:319)
9월 17, 2020 15:14:42.63     at ModelInfo$1._resourceAdded (devtools://devtools/bundled/bindings/bindings.js:374:67)", source: devtools://devtools/bundled/host/host.js (135)
9월 17, 2020 15:14:42.63 [2928:13028:0917/151442.593:ERROR:CONSOLE(135)] "URIError: URI malformed URIError: URI malformed
9월 17, 2020 15:14:42.63     at decodeURI (<anonymous>)
9월 17, 2020 15:14:42.63     at Automapping._createBinding (devtools://devtools/bundled/persistence/persistence.js:301:29)
9월 17, 2020 15:14:42.63     at Automapping._computeNetworkStatus (devtools://devtools/bundled/persistence/persistence.js:278:33)
9월 17, 2020 15:14:42.63     at Automapping._onUISourceCodeAdded (devtools://devtools/bundled/persistence/persistence.js:270:198)
9월 17, 2020 15:14:42.63     at devtools://devtools/bundled/persistence/persistence.js:254:982
9월 17, 2020 15:14:42.63     at WorkspaceImpl.dispatchEventToListeners (devtools://devtools/bundled/common/common.js:133:177)
9월 17, 2020 15:14:42.63     at ContentProviderBasedProject.addUISourceCode (devtools://devtools/bundled/workspace/workspace.js:44:157)
9월 17, 2020 15:14:42.63     at ContentProviderBasedProject.addUISourceCodeWithProvider (devtools://devtools/bundled/bindings/bindings.js:25:207)
9월 17, 2020 15:14:42.63     at new Binding$1 (devtools://devtools/bundled/bindings/bindings.js:384:319)
9월 17, 2020 15:14:42.63     at ModelInfo$1._resourceAdded (devtools://devtools/bundled/bindings/bindings.js:374:67)", source: devtools://devtools/bundled/host/host.js (135)
9월 17, 2020 15:14:42.63 [2928:13028:0917/151442.620:ERROR:CONSOLE(135)] "URIError: URI malformed URIError: URI malformed
9월 17, 2020 15:14:42.63     at decodeURI (<anonymous>)
9월 17, 2020 15:14:42.63     at Automapping._createBinding (devtools://devtools/bundled/persistence/persistence.js:301:29)
9월 17, 2020 15:14:42.63     at Automapping._computeNetworkStatus (devtools://devtools/bundled/persistence/persistence.js:278:33)
9월 17, 2020 15:14:42.63     at Automapping._onUISourceCodeAdded (devtools://devtools/bundled/persistence/persistence.js:270:198)
9월 17, 2020 15:14:42.63     at devtools://devtools/bundled/persistence/persistence.js:254:982
9월 17, 2020 15:14:42.63     at WorkspaceImpl.dispatchEventToListeners (devtools://devtools/bundled/common/common.js:133:177)
9월 17, 2020 15:14:42.63     at ContentProviderBasedProject.addUISourceCode (devtools://devtools/bundled/workspace/workspace.js:44:157)
9월 17, 2020 15:14:42.63     at ContentProviderBasedProject.addUISourceCodeWithProvider (devtools://devtools/bundled/bindings/bindings.js:25:207)
9월 17, 2020 15:14:42.63     at new Binding$1 (devtools://devtools/bundled/bindings/bindings.js:384:319)
9월 17, 2020 15:14:42.63     at ModelInfo$1._resourceAdded (devtools://devtools/bundled/bindings/bindings.js:374:67)", source: devtools://devtools/bundled/host/host.js (135)
9월 17, 2020 15:14:42.72 [2928:13028:0917/151442.722:ERROR:CONSOLE(135)] "URIError: URI malformed URIError: URI malformed
9월 17, 2020 15:14:42.72     at decodeURI (<anonymous>)
9월 17, 2020 15:14:42.72     at Automapping._createBinding (devtools://devtools/bundled/persistence/persistence.js:301:29)
9월 17, 2020 15:14:42.72     at Automapping._computeNetworkStatus (devtools://devtools/bundled/persistence/persistence.js:278:33)
9월 17, 2020 15:14:42.72     at Automapping._onUISourceCodeAdded (devtools://devtools/bundled/persistence/persistence.js:270:198)
9월 17, 2020 15:14:42.72     at devtools://devtools/bundled/persistence/persistence.js:254:982
9월 17, 2020 15:14:42.72     at WorkspaceImpl.dispatchEventToListeners (devtools://devtools/bundled/common/common.js:133:177)
9월 17, 2020 15:14:42.72     at ContentProviderBasedProject.addUISourceCode (devtools://devtools/bundled/workspace/workspace.js:44:157)
9월 17, 2020 15:14:42.72     at ContentProviderBasedProject.addUISourceCodeWithProvider (devtools://devtools/bundled/bindings/bindings.js:25:207)
9월 17, 2020 15:14:42.72     at new Binding$1 (devtools://devtools/bundled/bindings/bindings.js:384:319)
9월 17, 2020 15:14:42.72     at ModelInfo$1._resourceAdded (devtools://devtools/bundled/bindings/bindings.js:374:67)", source: devtools://devtools/bundled/host/host.js (135)
9월 17, 2020 15:14:42.72 [2928:13028:0917/151442.722:ERROR:CONSOLE(135)] "URIError: URI malformed URIError: URI malformed
9월 17, 2020 15:14:42.72     at decodeURI (<anonymous>)
9월 17, 2020 15:14:42.72     at Automapping._createBinding (devtools://devtools/bundled/persistence/persistence.js:301:29)
9월 17, 2020 15:14:42.72     at Automapping._computeNetworkStatus (devtools://devtools/bundled/persistence/persistence.js:278:33)
9월 17, 2020 15:14:42.72     at Automapping._onUISourceCodeAdded (devtools://devtools/bundled/persistence/persistence.js:270:198)
9월 17, 2020 15:14:42.72     at devtools://devtools/bundled/persistence/persistence.js:254:982
9월 17, 2020 15:14:42.72     at WorkspaceImpl.dispatchEventToListeners (devtools://devtools/bundled/common/common.js:133:177)
9월 17, 2020 15:14:42.72     at ContentProviderBasedProject.addUISourceCode (devtools://devtools/bundled/workspace/workspace.js:44:157)
9월 17, 2020 15:14:42.72     at ContentProviderBasedProject.addUISourceCodeWithProvider (devtools://devtools/bundled/bindings/bindings.js:25:207)
9월 17, 2020 15:14:42.72     at new Binding$1 (devtools://devtools/bundled/bindings/bindings.js:384:319)
9월 17, 2020 15:14:42.72     at ModelInfo$1._resourceAdded (devtools://devtools/bundled/bindings/bindings.js:374:67)", source: devtools://devtools/bundled/host/host.js (135)
9월 17, 2020 15:14:42.72 [2928:13028:0917/151442.723:ERROR:CONSOLE(135)] "URIError: URI malformed URIError: URI malformed
9월 17, 2020 15:14:42.72     at decodeURI (<anonymous>)
9월 17, 2020 15:14:42.72     at Automapping._createBinding (devtools://devtools/bundled/persistence/persistence.js:301:29)
9월 17, 2020 15:14:42.72     at Automapping._computeNetworkStatus (devtools://devtools/bundled/persistence/persistence.js:278:33)
9월 17, 2020 15:14:42.72     at Automapping._onUISourceCodeAdded (devtools://devtools/bundled/persistence/persistence.js:270:198)
9월 17, 2020 15:14:42.72     at devtools://devtools/bundled/persistence/persistence.js:254:982
9월 17, 2020 15:14:42.72     at WorkspaceImpl.dispatchEventToListeners (devtools://devtools/bundled/common/common.js:133:177)
9월 17, 2020 15:14:42.72     at ContentProviderBasedProject.addUISourceCode (devtools://devtools/bundled/workspace/workspace.js:44:157)
9월 17, 2020 15:14:42.72     at ContentProviderBasedProject.addUISourceCodeWithProvider (devtools://devtools/bundled/bindings/bindings.js:25:207)
9월 17, 2020 15:14:42.72     at new Binding$1 (devtools://devtools/bundled/bindings/bindings.js:384:319)
9월 17, 2020 15:14:42.72     at ModelInfo$1._resourceAdded (devtools://devtools/bundled/bindings/bindings.js:374:67)", source: devtools://devtools/bundled/host/host.js (135)
9월 17, 2020 22:48:35.57 [14000:18608:0917/224835.570:ERROR:socket_stream.cc(219)] Closing stream with result -2
9월 17, 2020 22:48:35.62 [14000:3820:0917/224835.628:ERROR:network_service_instance_impl.cc(264)] Network service crashed, restarting service.

9월 18, 2020 12:12:34.51 NEW SESSION
9월 18, 2020 12:12:34.51 [8048:4520:0918/121234.233:ERROR:socket_stream.cc(219)] Closing stream with result -2
9월 18, 2020 12:16:04.59 [8048:4520:0918/121604.593:ERROR:socket_stream.cc(219)] Closing stream with result -2
9월 18, 2020 12:24:54.97 [8048:4520:0918/122454.973:ERROR:socket_stream.cc(219)] Closing stream with result -2

9월 18, 2020 21:12:02.24 NEW SESSION
9월 18, 2020 21:12:02.24 [9484:3572:0918/211202.243:ERROR:connection_factory_impl.cc(428)] Failed to connect to MCS endpoint with error -105
9월 18, 2020 21:12:04.41 [9484:3572:0918/211204.414:ERROR:connection_factory_impl.cc(428)] Failed to connect to MCS endpoint with error -106
9월 18, 2020 22:07:02.54 [7592:17552:0918/220702.542:ERROR:connection_factory_impl.cc(428)] Failed to connect to MCS endpoint with error -118
9월 18, 2020 22:07:30.34 [7592:17552:0918/220730.342:ERROR:connection_factory_impl.cc(428)] Failed to connect to MCS endpoint with error -106
9월 18, 2020 22:08:11.92 [7592:17552:0918/220811.919:ERROR:connection_factory_impl.cc(428)] Failed to connect to MCS endpoint with error -106
9월 18, 2020 22:09:57.28 [7592:17552:0918/220957.280:ERROR:connection_factory_impl.cc(428)] Failed to connect to MCS endpoint with error -106
9월 18, 2020 22:13:30.31 [7592:17552:0918/221330.316:ERROR:connection_factory_impl.cc(428)] Failed to connect to MCS endpoint with error -106
9월 18, 2020 22:20:34.55 [7592:17552:0918/222034.556:ERROR:connection_factory_impl.cc(428)] Failed to connect to MCS endpoint with error -106
9월 18, 2020 22:29:10.20 [13164:15148:0918/222910.208:ERROR:connection_factory_impl.cc(428)] Failed to connect to MCS endpoint with error -106
9월 18, 2020 22:29:34.01 [13164:15148:0918/222934.011:ERROR:connection_factory_impl.cc(428)] Failed to connect to MCS endpoint with error -106
9월 18, 2020 22:30:28.37 [13164:15148:0918/223028.370:ERROR:connection_factory_impl.cc(428)] Failed to connect to MCS endpoint with error -106
9월 18, 2020 22:32:10.01 [13164:15148:0918/223210.013:ERROR:connection_factory_impl.cc(428)] Failed to connect to MCS endpoint with error -106
9월 18, 2020 22:33:24.88 [12640:9544:0918/223324.885:ERROR:connection_factory_impl.cc(428)] Failed to connect to MCS endpoint with error -106
9월 18, 2020 22:33:48.42 [12640:9544:0918/223348.422:ERROR:connection_factory_impl.cc(428)] Failed to connect to MCS endpoint with error -106
9월 18, 2020 22:34:53.16 [3288:6460:0918/223453.168:ERROR:connection_factory_impl.cc(428)] Failed to connect to MCS endpoint with error -106
9월 18, 2020 22:35:20.11 [3288:6460:0918/223520.119:ERROR:connection_factory_impl.cc(428)] Failed to connect to MCS endpoint with error -106
9월 18, 2020 22:36:04.29 [3288:6460:0918/223604.296:ERROR:connection_factory_impl.cc(428)] Failed to connect to MCS endpoint with error -106
9월 18, 2020 22:37:52.91 [3288:6460:0918/223752.916:ERROR:connection_factory_impl.cc(428)] Failed to connect to MCS endpoint with error -106
9월 18, 2020 22:40:53.39 [3288:6460:0918/224053.393:ERROR:connection_factory_impl.cc(428)] Failed to connect to MCS endpoint with error -106
9월 18, 2020 22:46:38.32 [3288:6460:0918/224638.326:ERROR:connection_factory_impl.cc(428)] Failed to connect to MCS endpoint with error -106
9월 18, 2020 22:56:38.32 [3288:6460:0918/225638.327:ERROR:connection_factory_impl.cc(428)] Failed to connect to MCS endpoint with error -106
9월 18, 2020 23:05:38.79 [17064:592:0918/230538.792:ERROR:connection_factory_impl.cc(428)] Failed to connect to MCS endpoint with error -106
9월 18, 2020 23:06:01.41 [17064:592:0918/230601.413:ERROR:connection_factory_impl.cc(428)] Failed to connect to MCS endpoint with error -106
9월 18, 2020 23:06:37.00 [17064:592:0918/230637.001:ERROR:connection_factory_impl.cc(428)] Failed to connect to MCS endpoint with error -106
9월 18, 2020 23:08:31.29 [17064:592:0918/230831.293:ERROR:connection_factory_impl.cc(428)] Failed to connect to MCS endpoint with error -106
9월 18, 2020 23:12:23.51 [17064:592:0918/231223.512:ERROR:connection_factory_impl.cc(428)] Failed to connect to MCS endpoint with error -106
9월 18, 2020 23:19:59.15 [17064:592:0918/231959.152:ERROR:connection_factory_impl.cc(428)] Failed to connect to MCS endpoint with error -106
9월 18, 2020 23:21:11.94 [19408:9408:0918/232111.943:ERROR:connection_factory_impl.cc(428)] Failed to connect to MCS endpoint with error -106
9월 18, 2020 23:21:33.13 [19408:9408:0918/232133.129:ERROR:connection_factory_impl.cc(428)] Failed to connect to MCS endpoint with error -106
9월 18, 2020 23:22:22.78 [19408:9408:0918/232222.781:ERROR:connection_factory_impl.cc(428)] Failed to connect to MCS endpoint with error -106
9월 18, 2020 23:24:08.89 [19408:9408:0918/232408.892:ERROR:connection_factory_impl.cc(428)] Failed to connect to MCS endpoint with error -106
9월 18, 2020 23:27:33.33 [19408:9408:0918/232733.329:ERROR:connection_factory_impl.cc(428)] Failed to connect to MCS endpoint with error -106
9월 18, 2020 23:33:12.57 [19408:9408:0918/233312.578:ERROR:connection_factory_impl.cc(428)] Failed to connect to MCS endpoint with error -106
9월 18, 2020 23:43:12.58 [19408:9408:0918/234312.579:ERROR:connection_factory_impl.cc(428)] Failed to connect to MCS endpoint with error -106
9월 18, 2020 23:48:07.20 [19440:14072:0918/234807.207:ERROR:connection_factory_impl.cc(428)] Failed to connect to MCS endpoint with error -106
9월 18, 2020 23:48:50.26 [15812:13532:0918/234850.259:ERROR:connection_factory_impl.cc(428)] Failed to connect to MCS endpoint with error -106
9월 18, 2020 23:49:10.72 [15812:13532:0918/234910.723:ERROR:connection_factory_impl.cc(428)] Failed to connect to MCS endpoint with error -106
9월 18, 2020 23:49:55.58 [15812:13532:0918/234955.584:ERROR:connection_factory_impl.cc(428)] Failed to connect to MCS endpoint with error -106
9월 18, 2020 23:51:43.79 [15812:13532:0918/235143.790:ERROR:connection_factory_impl.cc(428)] Failed to connect to MCS endpoint with error -106
9월 18, 2020 23:54:54.72 [15812:13532:0918/235454.721:ERROR:connection_factory_impl.cc(428)] Failed to connect to MCS endpoint with error -106
9월 19, 2020 24:00:21.54 [15812:13532:0919/000021.541:ERROR:connection_factory_impl.cc(428)] Failed to connect to MCS endpoint with error -106

9월 19, 2020 16:28:34.79 NEW SESSION
9월 19, 2020 16:28:34.79 [13768:11148:0919/162834.505:ERROR:socket_stream.cc(219)] Closing stream with result -2
9월 19, 2020 16:28:34.79 [13768:11148:0919/162834.551:ERROR:connection_factory_impl.cc(428)] Failed to connect to MCS endpoint with error -105

9월 19, 2020 18:35:55.80 NEW SESSION
9월 19, 2020 18:35:55.80 [15900:7540:0919/183555.762:ERROR:connection_factory_impl.cc(428)] Failed to connect to MCS endpoint with error -106
9월 19, 2020 18:36:22.71 [15900:7540:0919/183622.711:ERROR:connection_factory_impl.cc(428)] Failed to connect to MCS endpoint with error -106
9월 19, 2020 18:37:13.68 [15900:7540:0919/183713.684:ERROR:connection_factory_impl.cc(428)] Failed to connect to MCS endpoint with error -106
9월 19, 2020 18:38:42.76 [15900:7540:0919/183842.761:ERROR:connection_factory_impl.cc(428)] Failed to connect to MCS endpoint with error -106
9월 19, 2020 18:41:41.96 [15900:7540:0919/184141.965:ERROR:connection_factory_impl.cc(428)] Failed to connect to MCS endpoint with error -106

9월 20, 2020 15:12:53.74 NEW SESSION
9월 20, 2020 15:12:53.74 [5000:16860:0920/151253.299:ERROR:socket_stream.cc(219)] Closing stream with result -2

9월 20, 2020 19:09:48.77 NEW SESSION
9월 20, 2020 19:09:48.77 [2264:8452:0920/190948.728:ERROR:connection_factory_impl.cc(428)] Failed to connect to MCS endpoint with error -106
9월 20, 2020 19:10:13.56 [2264:8452:0920/191013.562:ERROR:connection_factory_impl.cc(428)] Failed to connect to MCS endpoint with error -106
9월 20, 2020 19:11:12.53 [2264:8452:0920/191112.530:ERROR:connection_factory_impl.cc(428)] Failed to connect to MCS endpoint with error -106
9월 20, 2020 19:13:03.90 [2264:8452:0920/191303.899:ERROR:connection_factory_impl.cc(428)] Failed to connect to MCS endpoint with error -106
9월 20, 2020 19:16:16.29 [2264:8452:0920/191616.292:ERROR:connection_factory_impl.cc(428)] Failed to connect to MCS endpoint with error -106
9월 20, 2020 19:23:03.66 [2264:8452:0920/192303.661:ERROR:connection_factory_impl.cc(428)] Failed to connect to MCS endpoint with error -106
9월 20, 2020 19:30:34.72 [11648:9136:0920/193034.728:ERROR:connection_factory_impl.cc(428)] Failed to connect to MCS endpoint with error -106
9월 20, 2020 19:30:55.53 [11648:9136:0920/193055.534:ERROR:connection_factory_impl.cc(428)] Failed to connect to MCS endpoint with error -106
9월 20, 2020 19:31:53.90 [11648:9136:0920/193153.902:ERROR:connection_factory_impl.cc(428)] Failed to connect to MCS endpoint with error -106
9월 20, 2020 19:33:27.48 [11648:9136:0920/193327.488:ERROR:connection_factory_impl.cc(428)] Failed to connect to MCS endpoint with error -106
9월 20, 2020 19:37:15.09 [11648:9136:0920/193715.095:ERROR:connection_factory_impl.cc(428)] Failed to connect to MCS endpoint with error -106
9월 20, 2020 19:42:49.69 [11648:9136:0920/194249.698:ERROR:connection_factory_impl.cc(428)] Failed to connect to MCS endpoint with error -106
9월 20, 2020 19:52:49.70 [11648:9136:0920/195249.699:ERROR:connection_factory_impl.cc(428)] Failed to connect to MCS endpoint with error -106
9월 20, 2020 20:02:49.70 [11648:9136:0920/200249.701:ERROR:connection_factory_impl.cc(428)] Failed to connect to MCS endpoint with error -106
9월 20, 2020 20:12:49.70 [11648:9136:0920/201249.702:ERROR:connection_factory_impl.cc(428)] Failed to connect to MCS endpoint with error -106
9월 20, 2020 20:22:49.70 [11648:9136:0920/202249.703:ERROR:connection_factory_impl.cc(428)] Failed to connect to MCS endpoint with error -106
9월 20, 2020 20:32:17.83 [12564:1744:0920/203217.836:ERROR:connection_factory_impl.cc(428)] Failed to connect to MCS endpoint with error -106
9월 20, 2020 20:32:44.15 [12564:1744:0920/203244.156:ERROR:connection_factory_impl.cc(428)] Failed to connect to MCS endpoint with error -106
9월 20, 2020 20:33:39.76 [12564:1744:0920/203339.765:ERROR:connection_factory_impl.cc(428)] Failed to connect to MCS endpoint with error -106
9월 20, 2020 20:35:16.65 [12564:1744:0920/203516.655:ERROR:connection_factory_impl.cc(428)] Failed to connect to MCS endpoint with error -106
9월 20, 2020 20:38:24.88 [12564:1744:0920/203824.884:ERROR:connection_factory_impl.cc(428)] Failed to connect to MCS endpoint with error -106
9월 20, 2020 20:46:24.73 [12564:1744:0920/204624.735:ERROR:connection_factory_impl.cc(428)] Failed to connect to MCS endpoint with error -106
9월 20, 2020 20:56:24.73 [12564:1744:0920/205624.737:ERROR:connection_factory_impl.cc(428)] Failed to connect to MCS endpoint with error -106
9월 20, 2020 21:06:24.74 [12564:1744:0920/210624.739:ERROR:connection_factory_impl.cc(428)] Failed to connect to MCS endpoint with error -106

9월 20, 2020 21:18:48.50 NEW SESSION
9월 20, 2020 21:18:48.50 [16804:8320:0920/211848.502:ERROR:connection_factory_impl.cc(428)] Failed to connect to MCS endpoint with error -106
9월 20, 2020 21:19:13.69 [16804:8320:0920/211913.693:ERROR:connection_factory_impl.cc(428)] Failed to connect to MCS endpoint with error -106
9월 20, 2020 21:20:04.44 [16804:8320:0920/212004.444:ERROR:connection_factory_impl.cc(428)] Failed to connect to MCS endpoint with error -106
9월 20, 2020 21:21:40.29 [16804:8320:0920/212140.293:ERROR:connection_factory_impl.cc(428)] Failed to connect to MCS endpoint with error -106
9월 20, 2020 21:24:47.91 [16804:8320:0920/212447.917:ERROR:connection_factory_impl.cc(428)] Failed to connect to MCS endpoint with error -106
9월 20, 2020 21:31:41.09 [16804:8320:0920/213141.090:ERROR:connection_factory_impl.cc(428)] Failed to connect to MCS endpoint with error -106
9월 20, 2020 22:30:03.46 [5844:2740:0920/223003.460:ERROR:connection_factory_impl.cc(428)] Failed to connect to MCS endpoint with error -106
9월 20, 2020 22:30:29.16 [5844:2740:0920/223029.164:ERROR:connection_factory_impl.cc(428)] Failed to connect to MCS endpoint with error -106
9월 20, 2020 22:31:23.44 [5844:2740:0920/223123.442:ERROR:connection_factory_impl.cc(428)] Failed to connect to MCS endpoint with error -106
9월 20, 2020 22:32:55.49 [5844:2740:0920/223255.495:ERROR:connection_factory_impl.cc(428)] Failed to connect to MCS endpoint with error -106
9월 20, 2020 22:36:47.81 [5844:2740:0920/223647.810:ERROR:connection_factory_impl.cc(428)] Failed to connect to MCS endpoint with error -106
9월 20, 2020 22:43:33.29 [5844:2740:0920/224333.291:ERROR:connection_factory_impl.cc(428)] Failed to connect to MCS endpoint with error -106

9월 23, 2020 15:38:59.59 NEW SESSION
9월 23, 2020 15:38:59.59 [10024:15144:0923/153859.317:ERROR:CONSOLE(135)] "URIError: URI malformed URIError: URI malformed
9월 23, 2020 15:38:59.61     at decodeURI (<anonymous>)
9월 23, 2020 15:38:59.61     at Automapping._createBinding (devtools://devtools/bundled/persistence/persistence.js:301:29)
9월 23, 2020 15:38:59.61     at Automapping._computeNetworkStatus (devtools://devtools/bundled/persistence/persistence.js:278:33)
9월 23, 2020 15:38:59.61     at Automapping._onUISourceCodeAdded (devtools://devtools/bundled/persistence/persistence.js:270:198)
9월 23, 2020 15:38:59.61     at devtools://devtools/bundled/persistence/persistence.js:254:982
9월 23, 2020 15:38:59.61     at WorkspaceImpl.dispatchEventToListeners (devtools://devtools/bundled/common/common.js:133:177)
9월 23, 2020 15:38:59.61     at ContentProviderBasedProject.addUISourceCode (devtools://devtools/bundled/workspace/workspace.js:44:157)
9월 23, 2020 15:38:59.61     at ContentProviderBasedProject.addUISourceCodeWithProvider (devtools://devtools/bundled/bindings/bindings.js:25:207)
9월 23, 2020 15:38:59.61     at new Binding$1 (devtools://devtools/bundled/bindings/bindings.js:384:319)
9월 23, 2020 15:38:59.61     at ModelInfo$1._resourceAdded (devtools://devtools/bundled/bindings/bindings.js:374:67)", source: devtools://devtools/bundled/host/host.js (135)
9월 23, 2020 15:38:59.61 [10024:15144:0923/153859.438:ERROR:CONSOLE(135)] "URIError: URI malformed URIError: URI malformed
9월 23, 2020 15:38:59.61     at decodeURI (<anonymous>)
9월 23, 2020 15:38:59.61     at Automapping._createBinding (devtools://devtools/bundled/persistence/persistence.js:301:29)
9월 23, 2020 15:38:59.61     at Automapping._computeNetworkStatus (devtools://devtools/bundled/persistence/persistence.js:278:33)
9월 23, 2020 15:38:59.61     at Automapping._onUISourceCodeAdded (devtools://devtools/bundled/persistence/persistence.js:270:198)
9월 23, 2020 15:38:59.61     at devtools://devtools/bundled/persistence/persistence.js:254:982
9월 23, 2020 15:38:59.61     at WorkspaceImpl.dispatchEventToListeners (devtools://devtools/bundled/common/common.js:133:177)
9월 23, 2020 15:38:59.61     at ContentProviderBasedProject.addUISourceCode (devtools://devtools/bundled/workspace/workspace.js:44:157)
9월 23, 2020 15:38:59.61     at ContentProviderBasedProject.addUISourceCodeWithProvider (devtools://devtools/bundled/bindings/bindings.js:25:207)
9월 23, 2020 15:38:59.61     at new Binding$1 (devtools://devtools/bundled/bindings/bindings.js:384:319)
9월 23, 2020 15:38:59.61     at ModelInfo$1._resourceAdded (devtools://devtools/bundled/bindings/bindings.js:374:67)", source: devtools://devtools/bundled/host/host.js (135)

9월 23, 2020 20:30:03.84 NEW SESSION
9월 23, 2020 20:30:03.84 [9048:1548:0923/203003.807:ERROR:connection_factory_impl.cc(428)] Failed to connect to MCS endpoint with error -106
9월 23, 2020 20:30:25.97 [9048:1548:0923/203025.971:ERROR:connection_factory_impl.cc(428)] Failed to connect to MCS endpoint with error -106
9월 23, 2020 20:31:17.68 [9048:1548:0923/203117.686:ERROR:connection_factory_impl.cc(428)] Failed to connect to MCS endpoint with error -106
9월 23, 2020 20:33:02.58 [9048:1548:0923/203302.588:ERROR:connection_factory_impl.cc(428)] Failed to connect to MCS endpoint with error -106
9월 23, 2020 20:36:15.47 [9048:1548:0923/203615.470:ERROR:connection_factory_impl.cc(428)] Failed to connect to MCS endpoint with error -106
9월 23, 2020 20:43:00.63 [9048:1548:0923/204300.637:ERROR:connection_factory_impl.cc(428)] Failed to connect to MCS endpoint with error -106
9월 23, 2020 20:51:18.72 [11976:3724:0923/205118.725:ERROR:connection_factory_impl.cc(428)] Failed to connect to MCS endpoint with error -106
9월 23, 2020 20:51:48.17 [11976:3724:0923/205148.172:ERROR:connection_factory_impl.cc(428)] Failed to connect to MCS endpoint with error -106
9월 23, 2020 20:52:43.44 [11976:3724:0923/205243.449:ERROR:connection_factory_impl.cc(428)] Failed to connect to MCS endpoint with error -106
9월 23, 2020 20:54:31.45 [13584:1900:0923/205431.457:ERROR:connection_factory_impl.cc(428)] Failed to connect to MCS endpoint with error -106
9월 23, 2020 20:55:07.11 [5108:3348:0923/205507.119:ERROR:connection_factory_impl.cc(428)] Failed to connect to MCS endpoint with error -106
9월 23, 2020 20:56:03.59 [5568:16824:0923/205603.595:ERROR:connection_factory_impl.cc(428)] Failed to connect to MCS endpoint with error -106
9월 23, 2020 20:56:33.09 [5568:16824:0923/205633.093:ERROR:connection_factory_impl.cc(428)] Failed to connect to MCS endpoint with error -106
9월 23, 2020 20:57:14.17 [5568:16824:0923/205714.175:ERROR:connection_factory_impl.cc(428)] Failed to connect to MCS endpoint with error -106
9월 23, 2020 20:58:46.52 [5568:16824:0923/205846.520:ERROR:connection_factory_impl.cc(428)] Failed to connect to MCS endpoint with error -106
9월 23, 2020 21:02:43.62 [5568:16824:0923/210243.624:ERROR:connection_factory_impl.cc(428)] Failed to connect to MCS endpoint with error -106
9월 23, 2020 21:08:25.77 [5568:16824:0923/210825.777:ERROR:connection_factory_impl.cc(428)] Failed to connect to MCS endpoint with error -106
9월 23, 2020 21:18:25.78 [5568:16824:0923/211825.779:ERROR:connection_factory_impl.cc(428)] Failed to connect to MCS endpoint with error -106
9월 23, 2020 21:18:48.96 [5568:13320:0923/211848.968:ERROR:account_info_fetcher.cc(60)] OnGetTokenFailure: Connection failed (-106).
9월 23, 2020 21:23:04.85 [5568:16824:0923/212304.859:ERROR:connection_factory_impl.cc(428)] Failed to connect to MCS endpoint with error -106
9월 23, 2020 21:33:04.86 [5568:16824:0923/213304.860:ERROR:connection_factory_impl.cc(428)] Failed to connect to MCS endpoint with error -106
9월 23, 2020 21:43:04.86 [5568:16824:0923/214304.862:ERROR:connection_factory_impl.cc(428)] Failed to connect to MCS endpoint with error -106

9월 24, 2020 12:56:57.56 NEW SESSION
9월 24, 2020 12:56:57.56 [9836:1216:0924/125657.280:ERROR:mcs_client.cc(755)] Received close command, resetting connection.

9월 25, 2020 16:57:36.25 NEW SESSION
9월 25, 2020 16:57:36.25 [11448:4488:0925/165736.191:ERROR:socket_stream.cc(219)] Closing stream with result -2
9월 25, 2020 16:57:36.25 [11448:4488:0925/165736.237:ERROR:connection_factory_impl.cc(428)] Failed to connect to MCS endpoint with error -105

9월 27, 2020 24:55:49.36 NEW SESSION
9월 27, 2020 24:55:49.36 [12292:11656:0927/005549.311:ERROR:get_updates_processor.cc(258)] PostClientToServerMessage() failed during GetUpdates with error 2

9월 27, 2020 15:25:43.71 NEW SESSION
9월 27, 2020 15:25:43.71 [16268:960:0927/152543.669:ERROR:get_updates_processor.cc(258)] PostClientToServerMessage() failed during GetUpdates with error 2

9월 29, 2020 14:26:26.38 NEW SESSION
9월 29, 2020 14:26:26.38 [11976:7636:0929/142626.337:ERROR:connection_factory_impl.cc(428)] Failed to connect to MCS endpoint with error -106
9월 29, 2020 14:26:50.86 [11976:7636:0929/142650.868:ERROR:connection_factory_impl.cc(428)] Failed to connect to MCS endpoint with error -106
9월 29, 2020 14:27:50.79 [11976:7636:0929/142750.798:ERROR:connection_factory_impl.cc(428)] Failed to connect to MCS endpoint with error -106
9월 29, 2020 14:28:42.89 [16248:2028:0929/142842.896:ERROR:connection_factory_impl.cc(428)] Failed to connect to MCS endpoint with error -106
9월 29, 2020 14:29:05.06 [16248:2028:0929/142905.062:ERROR:connection_factory_impl.cc(428)] Failed to connect to MCS endpoint with error -106
9월 29, 2020 14:29:46.99 [16248:2028:0929/142946.991:ERROR:connection_factory_impl.cc(428)] Failed to connect to MCS endpoint with error -106
9월 29, 2020 14:31:29.13 [16248:2028:0929/143129.138:ERROR:connection_factory_impl.cc(428)] Failed to connect to MCS endpoint with error -106
9월 29, 2020 14:35:04.96 [16248:2028:0929/143504.968:ERROR:connection_factory_impl.cc(428)] Failed to connect to MCS endpoint with error -106
9월 29, 2020 14:38:40.14 [8864:1940:0929/143840.145:ERROR:connection_factory_impl.cc(428)] Failed to connect to MCS endpoint with error -106
9월 29, 2020 14:39:01.84 [8864:1940:0929/143901.843:ERROR:connection_factory_impl.cc(428)] Failed to connect to MCS endpoint with error -106
9월 29, 2020 14:39:58.09 [8864:1940:0929/143958.092:ERROR:connection_factory_impl.cc(428)] Failed to connect to MCS endpoint with error -106
9월 29, 2020 14:40:34.56 [3640:9472:0929/144034.567:ERROR:connection_factory_impl.cc(428)] Failed to connect to MCS endpoint with error -106
9월 29, 2020 14:41:02.58 [3640:9472:0929/144102.582:ERROR:connection_factory_impl.cc(428)] Failed to connect to MCS endpoint with error -106
9월 29, 2020 14:41:52.53 [3640:9472:0929/144152.532:ERROR:connection_factory_impl.cc(428)] Failed to connect to MCS endpoint with error -106
9월 29, 2020 14:43:24.19 [3640:9472:0929/144324.196:ERROR:connection_factory_impl.cc(428)] Failed to connect to MCS endpoint with error -106
9월 29, 2020 14:46:34.60 [3640:9472:0929/144634.606:ERROR:connection_factory_impl.cc(428)] Failed to connect to MCS endpoint with error -106

9월 30, 2020 14:17:38.41 NEW SESSION
9월 30, 2020 14:17:38.41 [952:8944:0930/141738.376:ERROR:connection_factory_impl.cc(428)] Failed to connect to MCS endpoint with error -106
9월 30, 2020 14:18:51.53 [11888:1296:0930/141851.531:ERROR:connection_factory_impl.cc(428)] Failed to connect to MCS endpoint with error -106
9월 30, 2020 14:23:23.55 [3120:8300:0930/142323.558:ERROR:connection_factory_impl.cc(428)] Failed to connect to MCS endpoint with error -106
9월 30, 2020 14:23:51.78 [3120:8300:0930/142351.787:ERROR:connection_factory_impl.cc(428)] Failed to connect to MCS endpoint with error -106
9월 30, 2020 14:27:02.86 [4876:8588:0930/142702.865:ERROR:connection_factory_impl.cc(428)] Failed to connect to MCS endpoint with error -106
9월 30, 2020 14:28:28.00 [10844:11168:0930/142828.006:ERROR:connection_factory_impl.cc(428)] Failed to connect to MCS endpoint with error -106
9월 30, 2020 14:28:55.30 [10720:10936:0930/142855.304:ERROR:connection_factory_impl.cc(428)] Failed to connect to MCS endpoint with error -106
9월 30, 2020 14:29:17.21 [10720:10936:0930/142917.213:ERROR:connection_factory_impl.cc(428)] Failed to connect to MCS endpoint with error -106
9월 30, 2020 14:29:58.59 [10720:10936:0930/142958.595:ERROR:connection_factory_impl.cc(428)] Failed to connect to MCS endpoint with error -106
9월 30, 2020 14:31:13.19 [10312:10332:0930/143113.199:ERROR:connection_factory_impl.cc(428)] Failed to connect to MCS endpoint with error -106
9월 30, 2020 14:31:36.09 [10312:10332:0930/143136.094:ERROR:connection_factory_impl.cc(428)] Failed to connect to MCS endpoint with error -106
9월 30, 2020 14:32:37.82 [4260:16832:0930/143237.827:ERROR:connection_factory_impl.cc(428)] Failed to connect to MCS endpoint with error -106
9월 30, 2020 14:33:01.44 [4260:16832:0930/143301.443:ERROR:connection_factory_impl.cc(428)] Failed to connect to MCS endpoint with error -106
9월 30, 2020 14:33:49.54 [4260:16832:0930/143349.548:ERROR:connection_factory_impl.cc(428)] Failed to connect to MCS endpoint with error -106
9월 30, 2020 14:37:57.90 [15216:13604:0930/143757.906:ERROR:connection_factory_impl.cc(428)] Failed to connect to MCS endpoint with error -106
9월 30, 2020 14:38:34.05 [17500:8272:0930/143834.058:ERROR:connection_factory_impl.cc(428)] Failed to connect to MCS endpoint with error -106
9월 30, 2020 14:40:28.67 [8140:16856:0930/144028.670:ERROR:connection_factory_impl.cc(428)] Failed to connect to MCS endpoint with error -106
9월 30, 2020 14:40:53.76 [8140:16856:0930/144053.763:ERROR:connection_factory_impl.cc(428)] Failed to connect to MCS endpoint with error -106
9월 30, 2020 16:02:10.83 [7852:8444:0930/160210.834:ERROR:get_updates_processor.cc(258)] PostClientToServerMessage() failed during GetUpdates with error 2
9월 30, 2020 16:42:32.65 [8260:17560:0930/164232.656:ERROR:connection_factory_impl.cc(428)] Failed to connect to MCS endpoint with error -118
9월 30, 2020 16:44:29.71 [17172:6300:0930/164429.711:ERROR:connection_factory_impl.cc(428)] Failed to connect to MCS endpoint with error -118
9월 30, 2020 16:48:45.85 [15400:8212:0930/164845.851:ERROR:connection_factory_impl.cc(428)] Failed to connect to MCS endpoint with error -118
9월 30, 2020 16:57:17.28 [1888:4528:0930/165717.281:ERROR:connection_factory_impl.cc(428)] Failed to connect to MCS endpoint with error -118

10월 01, 2020 14:27:39.49 NEW SESSION
10월 01, 2020 14:27:39.49 [2520:10300:1001/142739.415:ERROR:get_updates_processor.cc(258)] PostClientToServerMessage() failed during GetUpdates with error 2
10월 01, 2020 15:29:22.34 [9956:10484:1001/152922.342:ERROR:socket_stream.cc(219)] Closing stream with result -2
10월 01, 2020 15:29:22.39 [9956:10484:1001/152922.398:ERROR:connection_factory_impl.cc(428)] Failed to connect to MCS endpoint with error -105

10월 01, 2020 19:48:07.24 NEW SESSION
10월 01, 2020 19:48:07.24 [4872:7224:1001/194807.185:ERROR:connection_factory_impl.cc(428)] Failed to connect to MCS endpoint with error -106
10월 01, 2020 19:48:27.91 [4872:7224:1001/194827.912:ERROR:connection_factory_impl.cc(428)] Failed to connect to MCS endpoint with error -106
10월 01, 2020 19:49:26.67 [4872:7224:1001/194926.677:ERROR:connection_factory_impl.cc(428)] Failed to connect to MCS endpoint with error -106
10월 01, 2020 19:51:12.66 [4872:7224:1001/195112.666:ERROR:connection_factory_impl.cc(428)] Failed to connect to MCS endpoint with error -106
10월 01, 2020 19:54:45.91 [4872:7224:1001/195445.912:ERROR:connection_factory_impl.cc(428)] Failed to connect to MCS endpoint with error -106

10월 03, 2020 15:42:26.76 NEW SESSION
10월 03, 2020 15:42:26.77 [14344:14416:1003/154226.723:ERROR:connection_factory_impl.cc(428)] Failed to connect to MCS endpoint with error -118
10월 03, 2020 15:55:59.54 [3432:12052:1003/155559.547:ERROR:connection_factory_impl.cc(428)] Failed to connect to MCS endpoint with error -118
10월 03, 2020 16:20:37.99 [13372:8044:1003/162037.990:ERROR:connection_factory_impl.cc(428)] Failed to connect to MCS endpoint with error -118

10월 03, 2020 16:29:17.22 NEW SESSION
10월 03, 2020 16:29:17.22 [10584:9176:1003/162917.219:ERROR:cache_util_win.cc(21)] Unable to move the cache: 액세스가 거부되었습니다. (0x5)
10월 03, 2020 16:29:17.22 [10584:9176:1003/162917.219:ERROR:cache_util.cc(139)] Unable to move cache folder C:\Users\HONGCHA\AppData\Local\Google\Chrome\User Data\ShaderCache\GPUCache to C:\Users\HONGCHA\AppData\Local\Google\Chrome\User Data\ShaderCache\old_GPUCache_000
10월 03, 2020 16:29:17.22 [10584:9176:1003/162917.219:ERROR:disk_cache.cc(184)] Unable to create cache
10월 03, 2020 16:29:17.22 [10584:9176:1003/162917.219:ERROR:shader_disk_cache.cc(606)] Shader Cache Creation failed: -2
10월 03, 2020 16:29:17.69 기존 브라우저 세션에서 여는 중입니다.
10월 03, 2020 16:29:49.14 [17080:14400:1003/162949.143:ERROR:connection_factory_impl.cc(428)] Failed to connect to MCS endpoint with error -118
10월 03, 2020 17:00:24.88 [6328:13680:1003/170024.888:ERROR:connection_factory_impl.cc(428)] Failed to connect to MCS endpoint with error -118
10월 03, 2020 17:06:03.66 [12088:14640:1003/170603.663:ERROR:connection_factory_impl.cc(428)] Failed to connect to MCS endpoint with error -118

10월 04, 2020 13:08:43.99 NEW SESSION
10월 04, 2020 13:08:43.99 [13200:12524:1004/130843.981:ERROR:connection_factory_impl.cc(428)] Failed to connect to MCS endpoint with error -118
10월 04, 2020 13:28:32.19 [9188:12124:1004/132832.198:ERROR:connection_factory_impl.cc(428)] Failed to connect to MCS endpoint with error -118
10월 04, 2020 14:08:24.53 [13516:18824:1004/140824.534:ERROR:connection_factory_impl.cc(428)] Failed to connect to MCS endpoint with error -118

10월 06, 2020 17:49:41.03 NEW SESSION
10월 06, 2020 17:49:41.03 [2872:8144:1006/174940.980:ERROR:connection_factory_impl.cc(428)] Failed to connect to MCS endpoint with error -118

10월 06, 2020 17:57:07.57 NEW SESSION
10월 06, 2020 17:57:07.57 [14220:15832:1006/175707.578:ERROR:connection_factory_impl.cc(428)] Failed to connect to MCS endpoint with error -118

10월 06, 2020 22:42:35.23 NEW SESSION
10월 06, 2020 22:42:35.24 [6820:12732:1006/224234.960:ERROR:connection_factory_impl.cc(428)] Failed to connect to MCS endpoint with error -106
10월 06, 2020 22:43:00.19 [6820:12732:1006/224300.198:ERROR:connection_factory_impl.cc(428)] Failed to connect to MCS endpoint with error -106

10월 07, 2020 06:31:59.86 NEW SESSION
10월 07, 2020 06:31:59.86 [14996:13560:1007/063159.824:ERROR:connection_factory_impl.cc(428)] Failed to connect to MCS endpoint with error -106
10월 07, 2020 06:32:21.92 [14996:13560:1007/063221.925:ERROR:connection_factory_impl.cc(428)] Failed to connect to MCS endpoint with error -106
10월 07, 2020 06:33:14.86 [14996:13560:1007/063314.867:ERROR:connection_factory_impl.cc(428)] Failed to connect to MCS endpoint with error -106
10월 07, 2020 06:34:51.09 [14996:13560:1007/063451.094:ERROR:connection_factory_impl.cc(428)] Failed to connect to MCS endpoint with error -106
10월 07, 2020 06:38:09.30 [14996:13560:1007/063809.306:ERROR:connection_factory_impl.cc(428)] Failed to connect to MCS endpoint with error -106
10월 07, 2020 06:45:10.78 [14996:13560:1007/064510.781:ERROR:connection_factory_impl.cc(428)] Failed to connect to MCS endpoint with error -106
10월 07, 2020 06:49:48.34 [11872:3304:1007/064948.347:ERROR:connection_factory_impl.cc(428)] Failed to connect to MCS endpoint with error -106
10월 07, 2020 06:50:08.52 [11872:3304:1007/065008.524:ERROR:connection_factory_impl.cc(428)] Failed to connect to MCS endpoint with error -106
10월 07, 2020 06:50:53.38 [11872:3304:1007/065053.382:ERROR:connection_factory_impl.cc(428)] Failed to connect to MCS endpoint with error -106
10월 07, 2020 06:52:15.30 [11872:3304:1007/065215.306:ERROR:connection_factory_impl.cc(428)] Failed to connect to MCS endpoint with error -106
10월 07, 2020 06:54:04.52 [14284:13800:1007/065404.524:ERROR:connection_factory_impl.cc(428)] Failed to connect to MCS endpoint with error -106
10월 07, 2020 06:54:23.45 [4632:4652:1007/065423.455:ERROR:connection_factory_impl.cc(428)] Failed to connect to MCS endpoint with error -106
10월 07, 2020 06:54:53.21 [4632:4652:1007/065453.211:ERROR:connection_factory_impl.cc(428)] Failed to connect to MCS endpoint with error -106
10월 07, 2020 06:55:41.03 [4632:4652:1007/065541.030:ERROR:connection_factory_impl.cc(428)] Failed to connect to MCS endpoint with error -106
10월 07, 2020 06:57:33.06 [4632:4652:1007/065733.067:ERROR:connection_factory_impl.cc(428)] Failed to connect to MCS endpoint with error -106
10월 07, 2020 07:00:43.43 [12588:15100:1007/070043.439:ERROR:connection_factory_impl.cc(428)] Failed to connect to MCS endpoint with error -106
10월 07, 2020 07:00:59.73 [6344:4516:1007/070059.733:ERROR:connection_factory_impl.cc(428)] Failed to connect to MCS endpoint with error -106
10월 07, 2020 07:02:09.52 [8340:11652:1007/070209.522:ERROR:connection_factory_impl.cc(428)] Failed to connect to MCS endpoint with error -106
10월 07, 2020 07:02:36.98 [8340:11652:1007/070236.987:ERROR:connection_factory_impl.cc(428)] Failed to connect to MCS endpoint with error -106
10월 07, 2020 07:03:30.68 [8340:11652:1007/070330.680:ERROR:connection_factory_impl.cc(428)] Failed to connect to MCS endpoint with error -106
10월 07, 2020 07:05:05.99 [8340:11652:1007/070505.997:ERROR:connection_factory_impl.cc(428)] Failed to connect to MCS endpoint with error -106
10월 07, 2020 07:40:34.63 [8064:2808:1007/074034.632:ERROR:connection_factory_impl.cc(428)] Failed to connect to MCS endpoint with error -106
10월 07, 2020 07:45:21.86 [14020:10180:1007/074521.866:ERROR:connection_factory_impl.cc(428)] Failed to connect to MCS endpoint with error -106
10월 07, 2020 07:45:42.02 [14020:10180:1007/074542.028:ERROR:connection_factory_impl.cc(428)] Failed to connect to MCS endpoint with error -106
10월 07, 2020 07:46:28.79 [14020:10180:1007/074628.797:ERROR:connection_factory_impl.cc(428)] Failed to connect to MCS endpoint with error -106
10월 07, 2020 07:47:58.05 [14020:10180:1007/074758.058:ERROR:connection_factory_impl.cc(428)] Failed to connect to MCS endpoint with error -106
10월 07, 2020 07:48:42.01 [14020:10180:1007/074842.011:ERROR:connection_factory_impl.cc(428)] Failed to connect to MCS endpoint with error -106

10월 08, 2020 10:41:49.89 NEW SESSION
10월 08, 2020 10:41:49.89 [13348:17076:1008/104149.856:ERROR:connection_factory_impl.cc(428)] Failed to connect to MCS endpoint with error -118
10월 08, 2020 11:52:02.12 [17264:1440:1008/115202.125:ERROR:connection_factory_impl.cc(428)] Failed to connect to MCS endpoint with error -118

10월 08, 2020 19:34:10.41 NEW SESSION
10월 08, 2020 19:34:10.41 [8012:8608:1008/193410.398:ERROR:CONSOLE(0)] "TypeError: Cannot read property 'isAnonymousInlineStyleSheet' of null", source:  (0)

10월 11, 2020 13:42:22.19 NEW SESSION
10월 11, 2020 13:42:22.19 [20416:18196:1011/134222.151:ERROR:connection_factory_impl.cc(428)] Failed to connect to MCS endpoint with error -118
10월 11, 2020 13:56:53.21 [20760:15700:1011/135653.217:ERROR:connection_factory_impl.cc(428)] Failed to connect to MCS endpoint with error -118
10월 11, 2020 13:57:46.09 [25204:16504:1011/135746.094:ERROR:connection_factory_impl.cc(428)] Failed to connect to MCS endpoint with error -118
10월 11, 2020 14:03:57.45 [8784:12168:1011/140357.458:ERROR:connection_factory_impl.cc(428)] Failed to connect to MCS endpoint with error -118
10월 11, 2020 14:22:22.95 [10148:17324:1011/142222.959:ERROR:connection_factory_impl.cc(428)] Failed to connect to MCS endpoint with error -118
10월 11, 2020 15:08:57.10 [23824:11124:1011/150857.108:ERROR:connection_factory_impl.cc(428)] Failed to connect to MCS endpoint with error -118
10월 11, 2020 15:26:57.71 [14848:26212:1011/152657.716:ERROR:connection_factory_impl.cc(428)] Failed to connect to MCS endpoint with error -118
10월 11, 2020 15:34:49.41 [17028:6716:1011/153449.413:ERROR:connection_factory_impl.cc(428)] Failed to connect to MCS endpoint with error -118
10월 11, 2020 15:46:11.24 [3332:21432:1011/154611.242:ERROR:connection_factory_impl.cc(428)] Failed to connect to MCS endpoint with error -118
10월 11, 2020 16:04:02.22 [14756:1580:1011/160402.229:ERROR:connection_factory_impl.cc(428)] Failed to connect to MCS endpoint with error -118
10월 11, 2020 16:08:05.93 [27124:15196:1011/160805.938:ERROR:connection_factory_impl.cc(428)] Failed to connect to MCS endpoint with error -118

10월 21, 2020 15:46:24.92 NEW SESSION
10월 21, 2020 15:46:24.92 [1021/154624.913:ERROR:directory_reader_win.cc(43)] FindFirstFile: 지정된 경로를 찾을 수 없습니다. (0x3)
10월 21, 2020 16:31:39.32 [1021/163139.323:ERROR:directory_reader_win.cc(43)] FindFirstFile: 지정된 경로를 찾을 수 없습니다. (0x3)
10월 21, 2020 17:12:30.21 [1021/171230.212:ERROR:directory_reader_win.cc(43)] FindFirstFile: 지정된 경로를 찾을 수 없습니다. (0x3)

10월 21, 2020 19:36:58.35 NEW SESSION
10월 21, 2020 19:36:58.35 [1021/193658.080:ERROR:directory_reader_win.cc(43)] FindFirstFile: 지정된 경로를 찾을 수 없습니다. (0x3)
10월 21, 2020 20:13:43.65 [1021/201343.649:ERROR:directory_reader_win.cc(43)] FindFirstFile: 지정된 경로를 찾을 수 없습니다. (0x3)
10월 21, 2020 20:58:00.54 [1021/205800.542:ERROR:directory_reader_win.cc(43)] FindFirstFile: 지정된 경로를 찾을 수 없습니다. (0x3)
10월 21, 2020 22:38:22.54 [1021/223822.543:ERROR:directory_reader_win.cc(43)] FindFirstFile: 지정된 경로를 찾을 수 없습니다. (0x3)
10월 21, 2020 23:31:43.08 [1021/233143.082:ERROR:directory_reader_win.cc(43)] FindFirstFile: 지정된 경로를 찾을 수 없습니다. (0x3)
10월 21, 2020 23:55:15.95 [1021/235515.954:ERROR:directory_reader_win.cc(43)] FindFirstFile: 지정된 경로를 찾을 수 없습니다. (0x3)
10월 22, 2020 24:37:52.20 [1022/003752.200:ERROR:directory_reader_win.cc(43)] FindFirstFile: 지정된 경로를 찾을 수 없습니다. (0x3)

10월 22, 2020 01:07:42.07 NEW SESSION
10월 22, 2020 01:07:42.07 [1022/010742.073:ERROR:directory_reader_win.cc(43)] FindFirstFile: 지정된 경로를 찾을 수 없습니다. (0x3)
10월 22, 2020 01:34:09.57 [1022/013409.572:ERROR:directory_reader_win.cc(43)] FindFirstFile: 지정된 경로를 찾을 수 없습니다. (0x3)

10월 22, 2020 15:44:09.52 NEW SESSION
10월 22, 2020 15:44:09.52 [1022/154409.221:ERROR:directory_reader_win.cc(43)] FindFirstFile: 지정된 경로를 찾을 수 없습니다. (0x3)
